[    0.000000] Linux version 4.15.0-171-generic (buildd@ubuntu) (gcc version 7.5.0 (Ubuntu 7.5.0-3ubuntu1~18.04)) #180-Ubuntu SMP Wed Mar 2 17:25:05 UTC 2022 (Ubuntu 4.15.0-171.180-generic 4.15.18)
[    0.000000] Command line: BOOT_IMAGE=/boot/vmlinuz-4.15.0-171-generic root=LABEL=cloudimg-rootfs ro console=tty1 console=ttyS0
[    0.000000] KERNEL supported cpus:
[    0.000000]   Intel GenuineIntel
[    0.000000]   AMD AuthenticAMD
[    0.000000]   Centaur CentaurHauls
[    0.000000] x86/fpu: Supporting XSAVE feature 0x001: 'x87 floating point registers'
[    0.000000] x86/fpu: Supporting XSAVE feature 0x002: 'SSE registers'
[    0.000000] x86/fpu: Supporting XSAVE feature 0x004: 'AVX registers'
[    0.000000] x86/fpu: xstate_offset[2]:  576, xstate_sizes[2]:  256
[    0.000000] x86/fpu: Enabled xstate features 0x7, context size is 832 bytes, using 'standard' format.
[    0.000000] e820: BIOS-provided physical RAM map:
[    0.000000] BIOS-e820: [mem 0x0000000000000000-0x000000000009fbff] usable
[    0.000000] BIOS-e820: [mem 0x000000000009fc00-0x000000000009ffff] reserved
[    0.000000] BIOS-e820: [mem 0x00000000000f0000-0x00000000000fffff] reserved
[    0.000000] BIOS-e820: [mem 0x0000000000100000-0x00000000dffeffff] usable
[    0.000000] BIOS-e820: [mem 0x00000000dfff0000-0x00000000dfffffff] ACPI data
[    0.000000] BIOS-e820: [mem 0x00000000fec00000-0x00000000fec00fff] reserved
[    0.000000] BIOS-e820: [mem 0x00000000fee00000-0x00000000fee00fff] reserved
[    0.000000] BIOS-e820: [mem 0x00000000fffc0000-0x00000000ffffffff] reserved
[    0.000000] BIOS-e820: [mem 0x0000000100000000-0x000000011fffffff] usable
[    0.000000] NX (Execute Disable) protection: active
[    0.000000] SMBIOS 2.5 present.
[    0.000000] DMI: innotek GmbH VirtualBox/VirtualBox, BIOS VirtualBox 12/01/2006
[    0.000000] Hypervisor detected: KVM
[    0.000000] e820: last_pfn = 0x120000 max_arch_pfn = 0x400000000
[    0.000000] MTRR: Disabled
[    0.000000] x86/PAT: MTRRs disabled, skipping PAT initialization too.
[    0.000000] CPU MTRRs all blank - virtualized system.
[    0.000000] x86/PAT: Configuration [0-7]: WB  WT  UC- UC  WB  WT  UC- UC  
[    0.000000] e820: last_pfn = 0xdfff0 max_arch_pfn = 0x400000000
[    0.000000] found SMP MP-table at [mem 0x0009fff0-0x0009ffff]
[    0.000000] Scanning 1 areas for low memory corruption
[    0.000000] RAMDISK: [mem 0x359c7000-0x36cdafff]
[    0.000000] ACPI: Early table checksum verification disabled
[    0.000000] ACPI: RSDP 0x00000000000E0000 000024 (v02 VBOX  )
[    0.000000] ACPI: XSDT 0x00000000DFFF0030 00003C (v01 VBOX   VBOXXSDT 00000001 ASL  00000061)
[    0.000000] ACPI: FACP 0x00000000DFFF00F0 0000F4 (v04 VBOX   VBOXFACP 00000001 ASL  00000061)
[    0.000000] ACPI: DSDT 0x00000000DFFF0470 002325 (v02 VBOX   VBOXBIOS 00000002 INTL 20100528)
[    0.000000] ACPI: FACS 0x00000000DFFF0200 000040
[    0.000000] ACPI: FACS 0x00000000DFFF0200 000040
[    0.000000] ACPI: APIC 0x00000000DFFF0240 00005C (v02 VBOX   VBOXAPIC 00000001 ASL  00000061)
[    0.000000] ACPI: SSDT 0x00000000DFFF02A0 0001CC (v01 VBOX   VBOXCPUT 00000002 INTL 20100528)
[    0.000000] ACPI: Reserving FACP table memory at [mem 0xdfff00f0-0xdfff01e3]
[    0.000000] ACPI: Reserving DSDT table memory at [mem 0xdfff0470-0xdfff2794]
[    0.000000] ACPI: Reserving FACS table memory at [mem 0xdfff0200-0xdfff023f]
[    0.000000] ACPI: Reserving FACS table memory at [mem 0xdfff0200-0xdfff023f]
[    0.000000] ACPI: Reserving APIC table memory at [mem 0xdfff0240-0xdfff029b]
[    0.000000] ACPI: Reserving SSDT table memory at [mem 0xdfff02a0-0xdfff046b]
[    0.000000] No NUMA configuration found
[    0.000000] Faking a node at [mem 0x0000000000000000-0x000000011fffffff]
[    0.000000] NODE_DATA(0) allocated [mem 0x11ffd1000-0x11fffbfff]
[    0.000000] kvm-clock: cpu 0, msr 1:1ff50001, primary cpu clock
[    0.000000] kvm-clock: Using msrs 4b564d01 and 4b564d00
[    0.000000] kvm-clock: using sched offset of 3358797693 cycles
[    0.000000] clocksource: kvm-clock: mask: 0xffffffffffffffff max_cycles: 0x1cd42e4dffb, max_idle_ns: 881590591483 ns
[    0.000000] Zone ranges:
[    0.000000]   DMA      [mem 0x0000000000001000-0x0000000000ffffff]
[    0.000000]   DMA32    [mem 0x0000000001000000-0x00000000ffffffff]
[    0.000000]   Normal   [mem 0x0000000100000000-0x000000011fffffff]
[    0.000000]   Device   empty
[    0.000000] Movable zone start for each node
[    0.000000] Early memory node ranges
[    0.000000]   node   0: [mem 0x0000000000001000-0x000000000009efff]
[    0.000000]   node   0: [mem 0x0000000000100000-0x00000000dffeffff]
[    0.000000]   node   0: [mem 0x0000000100000000-0x000000011fffffff]
[    0.000000] Reserved but unavailable: 104 pages
[    0.000000] Initmem setup node 0 [mem 0x0000000000001000-0x000000011fffffff]
[    0.000000] ACPI: PM-Timer IO Port: 0x4008
[    0.000000] IOAPIC[0]: apic_id 2, version 32, address 0xfec00000, GSI 0-23
[    0.000000] ACPI: INT_SRC_OVR (bus 0 bus_irq 0 global_irq 2 dfl dfl)
[    0.000000] ACPI: INT_SRC_OVR (bus 0 bus_irq 9 global_irq 9 low level)
[    0.000000] Using ACPI (MADT) for SMP configuration information
[    0.000000] smpboot: Allowing 2 CPUs, 0 hotplug CPUs
[    0.000000] PM: Registered nosave memory: [mem 0x00000000-0x00000fff]
[    0.000000] PM: Registered nosave memory: [mem 0x0009f000-0x0009ffff]
[    0.000000] PM: Registered nosave memory: [mem 0x000a0000-0x000effff]
[    0.000000] PM: Registered nosave memory: [mem 0x000f0000-0x000fffff]
[    0.000000] PM: Registered nosave memory: [mem 0xdfff0000-0xdfffffff]
[    0.000000] PM: Registered nosave memory: [mem 0xe0000000-0xfebfffff]
[    0.000000] PM: Registered nosave memory: [mem 0xfec00000-0xfec00fff]
[    0.000000] PM: Registered nosave memory: [mem 0xfec01000-0xfedfffff]
[    0.000000] PM: Registered nosave memory: [mem 0xfee00000-0xfee00fff]
[    0.000000] PM: Registered nosave memory: [mem 0xfee01000-0xfffbffff]
[    0.000000] PM: Registered nosave memory: [mem 0xfffc0000-0xffffffff]
[    0.000000] e820: [mem 0xe0000000-0xfebfffff] available for PCI devices
[    0.000000] Booting paravirtualized kernel on KVM
[    0.000000] clocksource: refined-jiffies: mask: 0xffffffff max_cycles: 0xffffffff, max_idle_ns: 7645519600211568 ns
[    0.000000] random: get_random_bytes called from start_kernel+0x99/0x500 with crng_init=0
[    0.000000] setup_percpu: NR_CPUS:8192 nr_cpumask_bits:2 nr_cpu_ids:2 nr_node_ids:1
[    0.000000] percpu: Embedded 50 pages/cpu s167936 r8192 d28672 u1048576
[    0.000000] PV qspinlock hash table entries: 256 (order: 0, 4096 bytes)
[    0.000000] Built 1 zonelists, mobility grouping on.  Total pages: 1032057
[    0.000000] Policy zone: Normal
[    0.000000] Kernel command line: BOOT_IMAGE=/boot/vmlinuz-4.15.0-171-generic root=LABEL=cloudimg-rootfs ro console=tty1 console=ttyS0
[    0.000000] Memory: 4013240K/4193848K available (12300K kernel code, 2483K rwdata, 4324K rodata, 2476K init, 2724K bss, 180608K reserved, 0K cma-reserved)
[    0.000000] SLUB: HWalign=64, Order=0-3, MinObjects=0, CPUs=2, Nodes=1
[    0.000000] ftrace: allocating 39503 entries in 155 pages
[    0.004000] Hierarchical RCU implementation.
[    0.004000] 	RCU restricting CPUs from NR_CPUS=8192 to nr_cpu_ids=2.
[    0.004000] 	Tasks RCU enabled.
[    0.004000] RCU: Adjusting geometry for rcu_fanout_leaf=16, nr_cpu_ids=2
[    0.004000] NR_IRQS: 524544, nr_irqs: 440, preallocated irqs: 16
[    0.004000] Console: colour VGA+ 80x25
[    0.004000] console [tty1] enabled
[    0.004000] console [ttyS0] enabled
[    0.004000] ACPI: Core revision 20170831
[    0.004000] ACPI: 2 ACPI AML tables successfully acquired and loaded
[    0.004000] APIC: Switch to symmetric I/O mode setup
[    0.004000] x2apic enabled
[    0.004000] Switched APIC routing to physical x2apic.
[    0.004000] ..TIMER: vector=0x30 apic1=0 pin1=2 apic2=-1 pin2=-1
[    0.004000] tsc: Detected 2995.198 MHz processor
[    0.004009] Calibrating delay loop (skipped) preset value.. 5990.39 BogoMIPS (lpj=11980792)
[    0.005088] pid_max: default: 32768 minimum: 301
[    0.005749] Security Framework initialized
[    0.006302] Yama: becoming mindful.
[    0.006805] AppArmor: AppArmor initialized
[    0.008517] Dentry cache hash table entries: 524288 (order: 10, 4194304 bytes)
[    0.009944] Inode-cache hash table entries: 262144 (order: 9, 2097152 bytes)
[    0.010828] Mount-cache hash table entries: 8192 (order: 4, 65536 bytes)
[    0.011645] Mountpoint-cache hash table entries: 8192 (order: 4, 65536 bytes)
[    0.012183] Last level iTLB entries: 4KB 0, 2MB 0, 4MB 0
[    0.012787] Last level dTLB entries: 4KB 0, 2MB 0, 4MB 0, 1GB 0
[    0.013448] Spectre V1 : Mitigation: usercopy/swapgs barriers and __user pointer sanitization
[    0.014535] Spectre V2 : Mitigation: Retpolines
[    0.015229] Spectre V2 : Spectre v2 / SpectreRSB mitigation: Filling RSB on context switch
[    0.016001] Speculative Store Bypass: Vulnerable
[    0.016879] Freeing SMP alternatives memory: 36K
[    0.128733] smpboot: CPU0: 11th Gen Intel(R) Core(TM) i7-1185G7 @ 3.00GHz (family: 0x6, model: 0x8c, stepping: 0x1)
[    0.132188] Performance Events: unsupported p6 CPU model 140 no PMU driver, software events only.
[    0.136061] Hierarchical SRCU implementation.
[    0.140636] NMI watchdog: Perf event create on CPU 0 failed with -2
[    0.142694] NMI watchdog: Perf NMI watchdog permanently disabled
[    0.144066] smp: Bringing up secondary CPUs ...
[    0.145780] x86: Booting SMP configuration:
[    0.146850] .... node  #0, CPUs:      #1
[    0.004000] kvm-clock: cpu 1, msr 1:1ff50041, secondary cpu clock
[    0.150511] smp: Brought up 1 node, 2 CPUs
[    0.150511] smpboot: Max logical packages: 1
[    0.150511] smpboot: Total of 2 processors activated (11980.79 BogoMIPS)
[    0.152243] devtmpfs: initialized
[    0.152731] x86/mm: Memory block size: 128MB
[    0.153974] evm: security.selinux
[    0.156003] evm: security.SMACK64
[    0.156619] evm: security.SMACK64EXEC
[    0.157301] evm: security.SMACK64TRANSMUTE
[    0.158077] evm: security.SMACK64MMAP
[    0.158816] evm: security.apparmor
[    0.159539] evm: security.ima
[    0.160003] evm: security.capability
[    0.160721] clocksource: jiffies: mask: 0xffffffff max_cycles: 0xffffffff, max_idle_ns: 7645041785100000 ns
[    0.161737] futex hash table entries: 512 (order: 3, 32768 bytes)
[    0.164055] pinctrl core: initialized pinctrl subsystem
[    0.165129] RTC time: 13:31:53, date: 03/14/22
[    0.166221] NET: Registered protocol family 16
[    0.167119] audit: initializing netlink subsys (disabled)
[    0.168026] audit: type=2000 audit(1647264718.260:1): state=initialized audit_enabled=0 res=1
[    0.169475] cpuidle: using governor ladder
[    0.169475] cpuidle: using governor menu
[    0.169475] ACPI: bus type PCI registered
[    0.169606] acpiphp: ACPI Hot Plug PCI Controller Driver version: 0.5
[    0.172076] PCI: Using configuration type 1 for base access
[    0.172798] HugeTLB registered 2.00 MiB page size, pre-allocated 0 pages
[    0.172908] ACPI: Added _OSI(Module Device)
[    0.172908] ACPI: Added _OSI(Processor Device)
[    0.176004] ACPI: Added _OSI(3.0 _SCP Extensions)
[    0.176596] ACPI: Added _OSI(Processor Aggregator Device)
[    0.177305] ACPI: Added _OSI(Linux-Dell-Video)
[    0.177898] ACPI: Added _OSI(Linux-Lenovo-NV-HDMI-Audio)
[    0.178633] ACPI: Added _OSI(Linux-HPI-Hybrid-Graphics)
[    0.179562] ACPI: Executed 1 blocks of module-level executable AML code
[    0.188615] ACPI: Interpreter enabled
[    0.190843] ACPI: (supports S0 S5)
[    0.192000] ACPI: Using IOAPIC for interrupt routing
[    0.192622] PCI: Using host bridge windows from ACPI; if necessary, use "pci=nocrs" and report a bug
[    0.196190] ACPI: Enabled 2 GPEs in block 00 to 07
[    0.204634] ACPI: PCI Root Bridge [PCI0] (domain 0000 [bus 00-ff])
[    0.205785] acpi PNP0A03:00: _OSC: OS supports [ASPM ClockPM Segments MSI]
[    0.207232] acpi PNP0A03:00: _OSC: not requesting OS control; OS requires [ExtendedConfig ASPM ClockPM MSI]
[    0.208000] acpi PNP0A03:00: fail to add MMCONFIG information, can't access extended PCI configuration space under this bridge.
[    0.208344] PCI host bridge to bus 0000:00
[    0.208963] pci_bus 0000:00: root bus resource [io  0x0000-0x0cf7 window]
[    0.212003] pci_bus 0000:00: root bus resource [io  0x0d00-0xffff window]
[    0.212943] pci_bus 0000:00: root bus resource [mem 0x000a0000-0x000bffff window]
[    0.214105] pci_bus 0000:00: root bus resource [mem 0xe0000000-0xfdffffff window]
[    0.215195] pci_bus 0000:00: root bus resource [bus 00-ff]
[    0.217556] pci 0000:00:01.1: legacy IDE quirk: reg 0x10: [io  0x01f0-0x01f7]
[    0.218595] pci 0000:00:01.1: legacy IDE quirk: reg 0x14: [io  0x03f6]
[    0.219625] pci 0000:00:01.1: legacy IDE quirk: reg 0x18: [io  0x0170-0x0177]
[    0.220004] pci 0000:00:01.1: legacy IDE quirk: reg 0x1c: [io  0x0376]
[    0.261158] pci 0000:00:07.0: quirk: [io  0x4000-0x403f] claimed by PIIX4 ACPI
[    0.263466] pci 0000:00:07.0: quirk: [io  0x4100-0x410f] claimed by PIIX4 SMB
[    0.292975] ACPI: PCI Interrupt Link [LNKA] (IRQs 5 9 10 *11)
[    0.294064] ACPI: PCI Interrupt Link [LNKB] (IRQs 5 9 *10 11)
[    0.294990] ACPI: PCI Interrupt Link [LNKC] (IRQs 5 *9 10 11)
[    0.296083] ACPI: PCI Interrupt Link [LNKD] (IRQs 5 9 10 *11)
[    0.297432] SCSI subsystem initialized
[    0.297970] pci 0000:00:02.0: vgaarb: setting as boot VGA device
[    0.297970] pci 0000:00:02.0: vgaarb: VGA device added: decodes=io+mem,owns=io+mem,locks=none
[    0.300005] pci 0000:00:02.0: vgaarb: bridge control possible
[    0.300604] vgaarb: loaded
[    0.300989] ACPI: bus type USB registered
[    0.301404] usbcore: registered new interface driver usbfs
[    0.301943] usbcore: registered new interface driver hub
[    0.302528] usbcore: registered new device driver usb
[    0.303159] EDAC MC: Ver: 3.0.0
[    0.304106] PCI: Using ACPI for IRQ routing
[    0.304828] NetLabel: Initializing
[    0.305327] NetLabel:  domain hash size = 128
[    0.305901] NetLabel:  protocols = UNLABELED CIPSOv4 CALIPSO
[    0.306669] NetLabel:  unlabeled traffic allowed by default
[    0.307413] clocksource: Switched to clocksource kvm-clock
[    0.313069] VFS: Disk quotas dquot_6.6.0
[    0.313717] VFS: Dquot-cache hash table entries: 512 (order 0, 4096 bytes)
[    0.314640] AppArmor: AppArmor Filesystem Enabled
[    0.315129] pnp: PnP ACPI init
[    0.316193] pnp: PnP ACPI: found 3 devices
[    0.328248] clocksource: acpi_pm: mask: 0xffffff max_cycles: 0xffffff, max_idle_ns: 2085701024 ns
[    0.329782] NET: Registered protocol family 2
[    0.330816] IP idents hash table entries: 65536 (order: 7, 524288 bytes)
[    0.332827] TCP established hash table entries: 32768 (order: 6, 262144 bytes)
[    0.334069] TCP bind hash table entries: 32768 (order: 7, 524288 bytes)
[    0.335275] TCP: Hash tables configured (established 32768 bind 32768)
[    0.336614] UDP hash table entries: 2048 (order: 4, 65536 bytes)
[    0.337420] UDP-Lite hash table entries: 2048 (order: 4, 65536 bytes)
[    0.338509] NET: Registered protocol family 1
[    0.339171] pci 0000:00:00.0: Limiting direct PCI/PCI transfers
[    0.339834] pci 0000:00:01.0: Activating ISA DMA hang workarounds
[    0.340581] pci 0000:00:02.0: Video device with shadowed ROM at [mem 0x000c0000-0x000dffff]
[    0.341673] Unpacking initramfs...
[    0.741539] Freeing initrd memory: 19536K
[    0.742218] PCI-DMA: Using software bounce buffering for IO (SWIOTLB)
[    0.743170] software IO TLB: mapped [mem 0xdbff0000-0xdfff0000] (64MB)
[    0.743947] clocksource: tsc: mask: 0xffffffffffffffff max_cycles: 0x2b2c8d6afc8, max_idle_ns: 440795331172 ns
[    0.745398] platform rtc_cmos: registered platform RTC device (no PNP device found)
[    0.746510] Scanning for low memory corruption every 60 seconds
[    0.747919] Initialise system trusted keyrings
[    0.749167] Key type blacklist registered
[    0.750054] workingset: timestamp_bits=36 max_order=20 bucket_order=0
[    0.751938] zbud: loaded
[    0.753656] squashfs: version 4.0 (2009/01/31) Phillip Lougher
[    0.754887] fuse init (API version 7.26)
[    0.757554] Key type asymmetric registered
[    0.758150] Asymmetric key parser 'x509' registered
[    0.758794] Block layer SCSI generic (bsg) driver version 0.4 loaded (major 246)
[    0.759787] io scheduler noop registered
[    0.760345] io scheduler deadline registered
[    0.760992] io scheduler cfq registered (default)
[    0.761835] ACPI: AC Adapter [AC] (on-line)
[    0.762341] input: Power Button as /devices/LNXSYSTM:00/LNXPWRBN:00/input/input0
[    0.763190] ACPI: Power Button [PWRF]
[    0.763681] input: Sleep Button as /devices/LNXSYSTM:00/LNXSLPBN:00/input/input1
[    0.764525] ACPI: Sleep Button [SLPF]
[    0.765602] ACPI: Battery Slot [BAT0] (battery present)
[    0.766345] Serial: 8250/16550 driver, 32 ports, IRQ sharing enabled
[    0.787923] 00:02: ttyS0 at I/O 0x3f8 (irq = 4, base_baud = 115200) is a 16550A
[    0.790843] Linux agpgart interface v0.103
[    0.792843] loop: module loaded
[    0.793792] scsi host0: ata_piix
[    0.794392] scsi host1: ata_piix
[    0.794917] ata1: PATA max UDMA/33 cmd 0x1f0 ctl 0x3f6 bmdma 0xd000 irq 14
[    0.795799] ata2: PATA max UDMA/33 cmd 0x170 ctl 0x376 bmdma 0xd008 irq 15
[    0.796691] libphy: Fixed MDIO Bus: probed
[    0.797251] tun: Universal TUN/TAP device driver, 1.6
[    0.797914] PPP generic driver version 2.4.2
[    0.798532] ehci_hcd: USB 2.0 'Enhanced' Host Controller (EHCI) Driver
[    0.799425] ehci-pci: EHCI PCI platform driver
[    0.800022] ehci-platform: EHCI generic platform driver
[    0.800751] ohci_hcd: USB 1.1 'Open' Host Controller (OHCI) Driver
[    0.801477] ohci-pci: OHCI PCI platform driver
[    0.801991] ohci-platform: OHCI generic platform driver
[    0.802680] uhci_hcd: USB Universal Host Controller Interface driver
[    0.803541] i8042: PNP: PS/2 Controller [PNP0303:PS2K,PNP0f03:PS2M] at 0x60,0x64 irq 1,12
[    0.805034] serio: i8042 KBD port at 0x60,0x64 irq 1
[    0.806297] serio: i8042 AUX port at 0x60,0x64 irq 12
[    0.807606] mousedev: PS/2 mouse device common for all mice
[    0.810159] input: AT Translated Set 2 keyboard as /devices/platform/i8042/serio0/input/input2
[    0.812503] rtc_cmos rtc_cmos: rtc core: registered rtc_cmos as rtc0
[    0.813313] rtc_cmos rtc_cmos: alarms up to one day, 114 bytes nvram
[    0.814340] i2c /dev entries driver
[    0.815372] device-mapper: uevent: version 1.0.3
[    0.816568] device-mapper: ioctl: 4.37.0-ioctl (2017-09-20) initialised: dm-devel@redhat.com
[    0.817584] ledtrig-cpu: registered to indicate activity on CPUs
[    0.818522] NET: Registered protocol family 10
[    0.821774] Segment Routing with IPv6
[    0.822379] NET: Registered protocol family 17
[    0.822981] Key type dns_resolver registered
[    0.823558] mce: Using 0 MCE banks
[    0.824042] RAS: Correctable Errors collector initialized.
[    0.824736] sched_clock: Marking stable (824720365, 0)->(1075322178, -250601813)
[    0.825886] registered taskstats version 1
[    0.826391] Loading compiled-in X.509 certificates
[    0.828320] Loaded X.509 cert 'Build time autogenerated kernel key: af32452646252a8bcb28446c2c4754d4174d97ad'
[    0.829881] Loaded X.509 cert 'Canonical Ltd. Live Patch Signing: 14df34d1a87cf37625abec039ef2bf521249b969'
[    0.831560] Loaded X.509 cert 'Canonical Ltd. Kernel Module Signing: 88f752e560a1e0737e31163a466ad7b70a850c19'
[    0.832635] blacklist: Loading compiled-in revocation X.509 certificates
[    0.833434] Loaded X.509 cert 'Canonical Ltd. Secure Boot Signing: 61482aa2830d0ab2ad5af10b7250da9033ddcef0'
[    0.834762] zswap: loaded using pool lzo/zbud
[    0.837438] Key type big_key registered
[    0.837966] Key type trusted registered
[    0.839149] Key type encrypted registered
[    0.839649] AppArmor: AppArmor sha1 policy hashing enabled
[    0.840355] ima: No TPM chip found, activating TPM-bypass! (rc=-19)
[    0.841132] ima: Allocated hash algorithm: sha1
[    0.841845] evm: HMAC attrs: 0x1
[    0.842504]   Magic number: 14:887:533
[    0.843063] tty ttyS13: hash matches
[    0.843642] rtc_cmos rtc_cmos: setting system clock to 2022-03-14 13:31:54 UTC (1647264714)
[    0.845025] BIOS EDD facility v0.16 2004-Jun-25, 0 devices found
[    0.845767] EDD information not available.
[    0.990496] Freeing unused kernel image memory: 2476K
[    1.001778] Write protecting the kernel read-only data: 20480k
[    1.002846] Freeing unused kernel image memory: 2008K
[    1.003605] Freeing unused kernel image memory: 1820K
[    1.007952] x86/mm: Checked W+X mappings: passed, no W+X pages found.
Loading, please wait...
starting version 237
[    1.103464] Fusion MPT base driver 3.04.20
[    1.106052] Copyright (c) 1999-2008 LSI Corporation
[    1.115559] e1000: Intel(R) PRO/1000 Network Driver - version 7.3.21-k8-NAPI
[    1.118399] e1000: Copyright (c) 1999-2006 Intel Corporation.
[    1.131397] AVX2 version of gcm_enc/dec engaged.
[    1.134049] AES CTR mode by8 optimization enabled
[    1.153772] Fusion MPT SPI Host driver 3.04.20
[    1.330799] input: ImExPS/2 Generic Explorer Mouse as /devices/platform/i8042/serio1/input/input4
[    1.777705] e1000 0000:00:03.0 eth0: (PCI:33MHz:32-bit) 02:4d:90:b0:a6:cd
[    1.781187] e1000 0000:00:03.0 eth0: Intel(R) PRO/1000 Network Connection
[    1.785473] mptbase: ioc0: Initiating bringup
[    2.429875] ioc0: LSI53C1030 A0: Capabilities={Initiator}
[    4.273927] scsi host2: ioc0: LSI53C1030 A0, FwRev=00000000h, Ports=1, MaxQ=256, IRQ=20
[    5.396450] scsi 2:0:0:0: Direct-Access     VBOX     HARDDISK         1.0  PQ: 0 ANSI: 5
[    5.435371] scsi target2:0:0: Beginning Domain Validation
[    5.504479] scsi target2:0:0: Domain Validation skipping write tests
[    5.505597] scsi target2:0:0: Ending Domain Validation
[    5.507002] scsi target2:0:0: asynchronous
[    5.508153] scsi 2:0:1:0: Direct-Access     VBOX     HARDDISK         1.0  PQ: 0 ANSI: 5
[    5.812344] scsi target2:0:1: Beginning Domain Validation
[    5.815641] random: fast init done
[    5.817155] scsi target2:0:1: Domain Validation skipping write tests
[    5.819238] scsi target2:0:1: Ending Domain Validation
[    5.821179] scsi target2:0:1: asynchronous
[    5.827467] random: systemd-udevd: uninitialized urandom read (16 bytes read)
[    5.827900] sd 2:0:0:0: [sda] 83886080 512-byte logical blocks: (42.9 GB/40.0 GiB)
[    5.828415] random: systemd-udevd: uninitialized urandom read (16 bytes read)
[    5.830410] sd 2:0:0:0: Attached scsi generic sg0 type 0
[    5.832668] random: systemd-udevd: uninitialized urandom read (16 bytes read)
[    5.835852] sd 2:0:0:0: [sda] Write Protect is off
[    5.836909] sd 2:0:0:0: [sda] Incomplete mode parameter data
[    5.840235] sd 2:0:0:0: [sda] Assuming drive cache: write through
[    5.844203] sd 2:0:1:0: Attached scsi generic sg1 type 0
[    5.848566]  sda: sda1
[    5.851243] sd 2:0:0:0: [sda] Attached SCSI disk
[    5.853303] sd 2:0:1:0: [sdb] 20480 512-byte logical blocks: (10.5 MB/10.0 MiB)
[    5.858670] e1000 0000:00:08.0 eth1: (PCI:33MHz:32-bit) 08:00:27:94:cc:df
[    5.859527] e1000 0000:00:08.0 eth1: Intel(R) PRO/1000 Network Connection
[    5.860315] sd 2:0:1:0: [sdb] Write Protect is off
[    5.860966] sd 2:0:1:0: [sdb] Incomplete mode parameter data
[    5.861596] sd 2:0:1:0: [sdb] Assuming drive cache: write through
[    5.862903] e1000 0000:00:03.0 enp0s3: renamed from eth0
[    5.866577] sd 2:0:1:0: [sdb] Attached SCSI disk
[    5.876683] e1000 0000:00:08.0 enp0s8: renamed from eth1
Begin: Loading essential drivers ... [    7.436115] raid6: sse2x1   gen()  7269 MB/s
[    7.484115] raid6: sse2x1   xor()  4403 MB/s
[    7.532103] raid6: sse2x2   gen()  9520 MB/s
[    7.580124] raid6: sse2x2   xor()  7524 MB/s
[    7.628082] raid6: sse2x4   gen() 11951 MB/s
[    7.676049] raid6: sse2x4   xor()  6327 MB/s
[    7.724091] raid6: avx2x1   gen() 10980 MB/s
[    7.772058] raid6: avx2x1   xor()  7336 MB/s
[    7.820076] raid6: avx2x2   gen() 16673 MB/s
[    7.868072] raid6: avx2x2   xor() 10032 MB/s
[    7.916092] raid6: avx2x4   gen() 23265 MB/s
[    7.964036] raid6: avx2x4   xor() 12266 MB/s
[    7.965413] raid6: using algorithm avx2x4 gen() 23265 MB/s
[    7.967228] raid6: .... xor() 12266 MB/s, rmw enabled
[    7.968709] raid6: using avx2x2 recovery algorithm
[    7.972345] xor: automatically using best checksumming function   avx       
[    7.976951] async_tx: api initialized (async)
done.
Begin: Running /scripts/init-premount ... done.
Begin: Mounting root file system ... Begin: Running /scripts/local-top ... done.
Begin: Running /scripts/local-premount ... [    8.036462] Btrfs loaded, crc32c=crc32c-intel
Scanning for Btrfs filesystems
done.
Warning: fsck not present, so skipping root file system
[    8.060912] EXT4-fs (sda1): mounted filesystem with ordered data mode. Opts: (null)
done.
Begin: Running /scripts/local-bottom ... done.
Begin: Running /scripts/init-bottom ... done.
[    8.179714] ip_tables: (C) 2000-2006 Netfilter Core Team
[    8.185553] systemd[1]: systemd 237 running in system mode. (+PAM +AUDIT +SELINUX +IMA +APPARMOR +SMACK +SYSVINIT +UTMP +LIBCRYPTSETUP +GCRYPT +GNUTLS +ACL +XZ +LZ4 +SECCOMP +BLKID +ELFUTILS +KMOD -IDN2 +IDN -PCRE2 default-hierarchy=hybrid)
[    8.188261] systemd[1]: Detected virtualization oracle.
[    8.188867] systemd[1]: Detected architecture x86-64.

Welcome to [1mUbuntu 18.04.6 LTS[0m!

[    8.192757] systemd[1]: Set hostname to <ubuntu>.
[    8.375928] systemd[1]: Reached target System Time Synchronized.
[[0;32m  OK  [0m] Reached target System Time Synchronized.
[    8.377256] systemd[1]: Started Forward Password Requests to Wall Directory Watch.
[[0;32m  OK  [0m] Started Forward Password Requests to Wall Directory Watch.
[    8.378629] systemd[1]: Reached target Swap.
[[0;32m  OK  [0m] Reached target Swap.
[    8.379632] systemd[1]: Set up automount Arbitrary Executable File Formats File System Automount Point.
[[0;32m  OK  [0m] Set up automount Arbitrary Executab…rmats File System Automount Point.
[    8.382649] systemd[1]: Created slice System Slice.
[[0;32m  OK  [0m] Created slice System Slice.
[    8.383837] systemd[1]: Listening on Journal Socket.
[[0;32m  OK  [0m] Listening on Journal Socket.
[[0;32m  OK  [0m] Listening on udev Control Socket.
         Mounting Kernel Debug File System...
[[0;32m  OK  [0m] Listening on Journal Socket (/dev/log).
[[0;32m  OK  [0m] Listening on Journal Audit Socket.
[[0;32m  OK  [0m] Listening on Network Service Netlink Socket.
         Mounting POSIX Message Queue File System...
         Starting Uncomplicated firewall...
[[0;32m  OK  [0m] Listening on LVM2 metadata daemon socket.
         Starting Set the console keyboard layout...
[[0;32m  OK  [0m] Created slice system-serial\x2dgetty.slice.
         Starting Load Kernel Modules...
         Mounting Huge Pages File System...
[[0;32m  OK  [0m] Created slice User and Session Slice.
[[0;32m  OK  [0m] Reached target User and Group Name Lookups.
         Starting Create list of required st…ce nodes for the current kernel...
[[0;32m  OK  [0m] Reached target Slices.
[[0;32m  OK  [0m] Listening on udev Kernel Socket.
         Starting udev Coldplug all Devices...
[[0;32m  OK  [0m] Listening on LVM2 poll daemon socket.
[[0;32m  OK  [0m] Listening on /dev/initctl Compatibility Named Pipe.
[[0;32m  OK  [0m] Listening on fsck to fsckd communication Socket.
         Starting File System Check on Root Device...
[[0;32m  OK  [0m] Listening on Device-mapper event daemon FIFOs.
[    8.419003] Loading iSCSI transport class v2.0-870.
         Starting Monitoring of LVM2 mirrors…ng dmeventd or progress polling...
[[0;32m  OK  [0m] Listening on Syslog Socket.
         Starting Journal Service...
[[0;32m  OK  [0m] Mounted Kernel Debug File System.
[[0;32m  OK  [0m] Mounted POSIX Message Queue File System.
[[0;32m  OK  [0m] Started Uncomplicated firewall.
[[0;32m  OK  [0m] Mounted Huge Pages File System.
[[0;32m  OK  [0m] Started Create list of required sta…vice nodes for the current kernel.
[    8.790513] iscsi: registered transport (tcp)
[[0;32m  OK  [0m] Started File System Check Daemon to report status.
[[0;32m  OK  [0m] Started LVM2 metadata daemon.
         Starting Create Static Device Nodes in /dev...
[[0;32m  OK  [0m] Started File System Check on Root Device.
         Starting Remount Root and Kernel File Systems...
[[0;32m  OK  [0m] Started Journal Service.
[[0;32m  OK  [0m] Started Create Static Device Nodes in /dev.
[[0;32m  OK  [0m] Started udev Coldplug all Devices.
[    8.902159] iscsi: registered transport (iser)
[[0;32m  OK  [0m] Started Load Kernel Modules.
         Starting Apply Kernel Variables...
         Mounting Kernel Configuration File System...
         Mounting FUSE Control File System...
[[0;32m  OK  [0m] Mounted Kernel Configuration File System.
[[0;32m  OK  [0m] Mounted FUSE Control File System.
[    8.926229] EXT4-fs (sda1): re-mounted. Opts: (null)
[[0;32m  OK  [0m] Started Remount Root and Kernel File Systems.
         Starting Flush Journal to Persistent Storage...
         Starting udev Kernel Device Manager...
         Starting Load/Save Random Seed...
[[0;32m  OK  [0m] Started Apply Kernel Variables.
[[0;32m  OK  [0m] Started Monitoring of LVM2 mirrors,…sing dmeventd or progress polling.
[[0;32m  OK  [0m] Started udev Kernel Device Manager.
[[0;32m  OK  [0m] Started Load/Save Random Seed.
[[0;32m  OK  [0m] Started Flush Journal to Persistent Storage.
[[0;32m  OK  [0m] Found device /dev/ttyS0.
[[0;32m  OK  [0m] Listening on Load/Save RF Kill Switch Status /dev/rfkill Watch.
[[0;32m  OK  [0m] Started Set the console keyboard layout.
[[0;32m  OK  [0m] Reached target Local File Systems (Pre).
[[0;32m  OK  [0m] Reached target Local File Systems.
         Starting AppArmor initialization...
         Starting Create Volatile Files and Directories...
         Starting Set console font and keymap...
         Starting Tell Plymouth To Write Out Runtime Data...
         Starting ebtables ruleset management...
[[0;32m  OK  [0m] Started Dispatch Password Requests to Console Directory Watch.
[[0;32m  OK  [0m] Reached target Local Encrypted Volumes.
[[0;32m  OK  [0m] Started Tell Plymouth To Write Out Runtime Data.
[[0;32m  OK  [0m] Started Set console font and keymap.
[[0;32m  OK  [0m] Started Create Volatile Files and Directories.
         Starting Update UTMP about System Boot/Shutdown...
[[0;32m  OK  [0m] Started ebtables ruleset management.
[[0;32m  OK  [0m] Started Update UTMP about System Boot/Shutdown.
[[0;32m  OK  [0m] Started AppArmor initialization.
         Starting Load AppArmor profiles managed internally by snapd...
         Starting Initial cloud-init job (pre-networking)...
[[0;32m  OK  [0m] Started Load AppArmor profiles managed internally by snapd.
[   11.000212] cloud-init[661]: Cloud-init v. 21.4-0ubuntu1~18.04.1 running 'init-local' at Mon, 14 Mar 2022 13:32:04 +0000. Up 10.80 seconds.
[[0;32m  OK  [0m] Started Initial cloud-init job (pre-networking).
[[0;32m  OK  [0m] Reached target Network (Pre).
         Starting Network Service...
[[0;32m  OK  [0m] Started Network Service.
         Starting Wait for Network to be Configured...
         Starting Network Name Resolution...
[[0;32m  OK  [0m] Started Network Name Resolution.
[[0;32m  OK  [0m] Reached target Network.
[[0;32m  OK  [0m] Reached target Host and Network Name Lookups.
[[0;32m  OK  [0m] Started Wait for Network to be Configured.
         Starting Initial cloud-init job (metadata service crawler)...
[   13.412827] cloud-init[766]: Cloud-init v. 21.4-0ubuntu1~18.04.1 running 'init' at Mon, 14 Mar 2022 13:32:06 +0000. Up 13.31 seconds.
[   13.413947] cloud-init[766]: ci-info: ++++++++++++++++++++++++++++++++++++++Net device info+++++++++++++++++++++++++++++++++++++++
[   13.414987] cloud-init[766]: ci-info: +--------+------+-----------------------------+---------------+--------+-------------------+
[   13.416002] cloud-init[766]: ci-info: | Device |  Up  |           Address           |      Mask     | Scope  |     Hw-Address    |
[   13.417053] cloud-init[766]: ci-info: +--------+------+-----------------------------+---------------+--------+-------------------+
[   13.418031] cloud-init[766]: ci-info: | enp0s3 | True |          10.0.2.15          | 255.255.255.0 | global | 02:4d:90:b0:a6:cd |
[   13.419002] cloud-init[766]: ci-info: | enp0s3 | True |  fe80::4d:90ff:feb0:a6cd/64 |       .       |  link  | 02:4d:90:b0:a6:cd |
[   13.420274] cloud-init[766]: ci-info: | enp0s8 | True |         192.168.10.0        | 255.255.255.0 | global | 08:00:27:94:cc:df |
[   13.421369] cloud-init[766]: ci-info: | enp0s8 | True | fe80::a00:27ff:fe94:ccdf/64 |       .       |  link  | 08:00:27:94:cc:df |
[   13.422469] cloud-init[766]: ci-info: |   lo   | True |          127.0.0.1          |   255.0.0.0   |  host  |         .         |
[   13.423514] cloud-init[766]: ci-info: |   lo   | True |           ::1/128           |       .       |  host  |         .         |
[   13.424554] cloud-init[766]: ci-info: +--------+------+-----------------------------+---------------+--------+-------------------+
[   13.425648] cloud-init[766]: ci-info: +++++++++++++++++++++++++++++Route IPv4 info+++++++++++++++++++++++++++++
[   13.426516] cloud-init[766]: ci-info: +-------+--------------+----------+-----------------+-----------+-------+
[   13.440230] cloud-init[766]: ci-info: | Route | Destination  | Gateway  |     Genmask     | Interface | Flags |
[   13.441261] cloud-init[766]: ci-info: +-------+--------------+----------+-----------------+-----------+-------+
[   13.442039] cloud-init[766]: ci-info: |   0   |   0.0.0.0    | 10.0.2.2 |     0.0.0.0     |   enp0s3  |   UG  |
[   13.442812] cloud-init[766]: ci-info: |   1   |   10.0.2.0   | 0.0.0.0  |  255.255.255.0  |   enp0s3  |   U   |
[   13.452127] cloud-init[766]: ci-info: |   2   |   10.0.2.2   | 0.0.0.0  | 255.255.255.255 |   enp0s3  |   UH  |
[   13.452951] cloud-init[766]: ci-info: |   3   | 192.168.10.0 | 0.0.0.0  |  255.255.255.0  |   enp0s8  |   U   |
[   13.453770] cloud-init[766]: ci-info: +-------+--------------+----------+-----------------+-----------+-------+
[   13.454504] cloud-init[766]: ci-info: +++++++++++++++++++Route IPv6 info+++++++++++++++++++
[   13.455143] cloud-init[766]: ci-info: +-------+-------------+---------+-----------+-------+
[   13.455811] cloud-init[766]: ci-info: | Route | Destination | Gateway | Interface | Flags |
[   13.456461] cloud-init[766]: ci-info: +-------+-------------+---------+-----------+-------+
[   13.457037] cloud-init[766]: ci-info: |   1   |  fe80::/64  |    ::   |   enp0s3  |   U   |
[   13.457685] cloud-init[766]: ci-info: |   2   |  fe80::/64  |    ::   |   enp0s8  |   U   |
[   13.458382] cloud-init[766]: ci-info: |   4   |    local    |    ::   |   enp0s3  |   U   |
[   13.459182] cloud-init[766]: ci-info: |   5   |    local    |    ::   |   enp0s8  |   U   |
[   13.460102] cloud-init[766]: ci-info: |   6   |   ff00::/8  |    ::   |   enp0s3  |   U   |
[   13.461247] cloud-init[766]: ci-info: |   7   |   ff00::/8  |    ::   |   enp0s8  |   U   |
[   13.461970] cloud-init[766]: ci-info: +-------+-------------+---------+-----------+-------+
[[0;32m  OK  [0m] Started Initial cloud-init job (metadata service crawler).
[[0;32m  OK  [0m] Reached target Cloud-config availability.
[[0;32m  OK  [0m] Reached target System Initialization.
[[0;32m  OK  [0m] Started Daily apt download activities.
[[0;32m  OK  [0m] Listening on cloud-init hotplug hook socket.
[[0;32m  OK  [0m] Started Message of the Day.
[[0;32m  OK  [0m] Started Discard unused blocks once a week.
[[0;32m  OK  [0m] Started Daily Cleanup of Temporary Directories.
[[0;32m  OK  [0m] Started Ubuntu Advantage Timer for running repeated jobs.
[[0;32m  OK  [0m] Started Trigger to poll for Ubuntu …(Only enabled on GCP LTS non-pro).
[[0;32m  OK  [0m] Started ACPI Events Check.
[[0;32m  OK  [0m] Listening on UUID daemon activation socket.
         Starting LXD - unix socket.
         Starting Socket activation for snappy daemon.
[[0;32m  OK  [0m] Listening on ACPID Listen Socket.
[[0;32m  OK  [0m] Reached target Paths.
[[0;32m  OK  [0m] Listening on D-Bus System Message Bus Socket.
[[0;32m  OK  [0m] Listening on Open-iSCSI iscsid Socket.
[[0;32m  OK  [0m] Started Daily apt upgrade and clean activities.
[[0;32m  OK  [0m] Reached target Timers.
[[0;32m  OK  [0m] Reached target Network is Online.
         Starting Availability of block devices...
[[0;32m  OK  [0m] Reached target Remote File Systems (Pre).
         Mounting /vagrant...
[[0;32m  OK  [0m] Listening on LXD - unix socket.
[[0;32m  OK  [0m] Listening on Socket activation for snappy daemon.
[[0;32m  OK  [0m] Reached target Sockets.
[[0;32m  OK  [0m] Reached target Basic System.
[[0;32m  OK  [0m] Started Regular background program processing daemon.
[[0;32m  OK  [0m] Started D-Bus System Message Bus.
         Starting Accounts Service...
         Starting Dispatcher daemon for systemd-networkd...
[[0;32m  OK  [0m] Started FUSE filesystem for LXC.
[[0;32m  OK  [0m] Started Deferred execution scheduler.
[[0;32m  OK  [0m] Started irqbalance daemon.
         Starting Login Service...
         Starting System Logging Service...
         Starting OpenBSD Secure Shell server...
         Starting LSB: Record successful boot for GRUB...
         Starting Virtualbox guest utils...
         Starting Snap Daemon...
         Starting LXD - container startup/shutdown...
[[0;32m  OK  [0m] Started Availability of block devices.
[[0;32m  OK  [0m] Mounted /vagrant.
[[0;32m  OK  [0m] Reached target Remote File Systems.
         Starting Permit User Sessions...
         Starting LSB: automatic crash report generation...
[[0;32m  OK  [0m] Started System Logging Service.
[[0;32m  OK  [0m] Started Login Service.
[[0;32m  OK  [0m] Started Unattended Upgrades Shutdown.
[[0;32m  OK  [0m] Started Permit User Sessions.
         Starting Hold until boot process finishes up...
         Starting Terminate Plymouth Boot Screen...
[[0;32m  OK  [0m] Started Hold until boot process finishes up.
         Starting Set console scheme...
[[0;32m  OK  [0m] Started Serial Getty on ttyS0.
[[0;32m  OK  [0m] Started Terminate Plymouth Boot Screen.
[[0;32m  OK  [0m] Started Set console scheme.
[[0;32m  OK  [0m] Created slice system-getty.slice.
[[0;32m  OK  [0m] Started Getty on tty1.
[[0;32m  OK  [0m] Reached target Login Prompts.
         Starting Authorization Manager...
[[0;32m  OK  [0m] Started OpenBSD Secure Shell server.
[[0;32m  OK  [0m] Started Virtualbox guest utils.
[[0;32m  OK  [0m] Started Authorization Manager.
[[0;32m  OK  [0m] Started Accounts Service.
[[0;32m  OK  [0m] Started LSB: Record successful boot for GRUB.
[[0;32m  OK  [0m] Started LSB: automatic crash report generation.
[[0;32m  OK  [0m] Started LXD - container startup/shutdown.
[[0;32m  OK  [0m] Started Dispatcher daemon for systemd-networkd.
[[0;32m  OK  [0m] Created slice User Slice of vagrant.
         Starting User Manager for UID 1000...
[[0;32m  OK  [0m] Started Session 1 of user vagrant.
[[0;32m  OK  [0m] Started User Manager for UID 1000.
[[0;32m  OK  [0m] Started Snap Daemon.
         Starting Wait until snapd is fully seeded...
         Starting Time & Date Service...
[[0;32m  OK  [0m] Started Time & Date Service.
[[0;32m  OK  [0m] Started Wait until snapd is fully seeded.
         Starting Apply the settings specified in cloud-config...
[[0;32m  OK  [0m] Reached target Multi-User System.
[[0;32m  OK  [0m] Reached target Graphical Interface.
         Starting Update UTMP about System Runlevel Changes...
[[0;32m  OK  [0m] Started Update UTMP about System Runlevel Changes.
[   15.127495] cloud-init[1217]: Cloud-init v. 21.4-0ubuntu1~18.04.1 running 'modules:config' at Mon, 14 Mar 2022 13:32:08 +0000. Up 15.02 seconds.
[[0;32m  OK  [0m] Started Apply the settings specified in cloud-config.
         Starting Execute cloud user/final scripts...
[   15.750557] cloud-init[1327]: Cloud-init v. 21.4-0ubuntu1~18.04.1 running 'modules:final' at Mon, 14 Mar 2022 13:32:09 +0000. Up 15.61 seconds.
[   15.751628] cloud-init[1327]: Cloud-init v. 21.4-0ubuntu1~18.04.1 finished at Mon, 14 Mar 2022 13:32:09 +0000. Datasource DataSourceNoCloud [seed=/dev/sdb][dsmode=net].  Up 15.74 seconds
[[0;32m  OK  [0m] Started Execute cloud user/final scripts.
[[0;32m  OK  [0m] Reached target Cloud-init target.

Ubuntu 18.04.6 LTS ubuntu ttyS0

ubuntu login: 